 * Starting Mount filesystems on boot[74G[ OK ]
 * Stopping Send an event to indicate plymouth is up[74G[ OK ]
 * Starting Populate and link to /run filesystem[74G[ OK ]
 * Stopping Populate and link to /run filesystem[74G[ OK ]
 * Starting Initialize or finalize resolvconf[74G[ OK ]
 * Stopping Track if upstart is running in a container[74G[ OK ]
 * Starting Signal sysvinit that the rootfs is mounted[74G[ OK ]
 * Starting Clean /tmp directory[74G[ OK ]
 * Stopping Clean /tmp directory[74G[ OK ]
Cloud-init v. 0.7.5 running 'init-local' at Tue, 22 Mar 2016 23:13:54 +0000. Up 27.77 seconds.
cloud-init-nonet[29.37]: waiting 10 seconds for network device
 * Starting set console keymap[74G[ OK ]
 * Starting Signal sysvinit that virtual filesystems are mounted[74G[ OK ]
 * Starting Signal sysvinit that virtual filesystems are mounted[74G[ OK ]
 * Starting Bridge udev events into upstart[74G[ OK ]
 * Starting Signal sysvinit that remote filesystems are mounted[74G[ OK ]
 * Starting device node and kernel event manager[74G[ OK ]
 * Stopping set console keymap[74G[ OK ]
 * Starting load modules from /etc/modules[74G[ OK ]
 * Starting cold plug devices[74G[ OK ]
 * Starting log initial device creation[74G[ OK ]
 * Stopping load modules from /etc/modules[74G[ OK ]
 * Starting Uncomplicated firewall[74G[ OK ]
 * Starting configure network device security[74G[ OK ]
 * Starting configure network device security[74G[ OK ]
 * Starting configure network device[74G[ OK ]
 * Starting Mount network filesystems[74G[ OK ]
 * Stopping Mount network filesystems[74G[ OK ]
 * Starting configure network device[74G[ OK ]
 * Starting configure network device security[74G[ OK ]
 * Starting Mount network filesystems[74G[ OK ]
 * Stopping Mount network filesystems[74G[ OK ]
cloud-init-nonet[39.42]: waiting 120 seconds for network device
 * Starting Bridge socket events into upstart[74G[ OK ]
cloud-init-nonet[40.30]: static networking is now up
 * Starting configure network device[74G[ OK ]
 * Starting set console font[74G[ OK ]
 * Stopping cold plug devices[74G[ OK ]
 * Stopping log initial device creation[74G[ OK ]
 * Stopping set console font[74G[ OK ]
 * Starting userspace bootsplash[74G[ OK ]
 * Starting Send an event to indicate plymouth is up[74G[ OK ]
 * Stopping userspace bootsplash[74G[ OK ]
 * Stopping Send an event to indicate plymouth is up[74G[ OK ]
Cloud-init v. 0.7.5 running 'init' at Tue, 22 Mar 2016 23:14:16 +0000. Up 49.09 seconds.
ci-info: ++++++++++++++++++++++++++++Net device info++++++++++++++++++++++++++++
ci-info: +--------+-------+----------------+---------------+-------------------+
ci-info: | Device |   Up  |    Address     |      Mask     |     Hw-Address    |
ci-info: +--------+-------+----------------+---------------+-------------------+
ci-info: |   lo   |  True |   127.0.0.1    |   255.0.0.0   |         .         |
ci-info: |  eth1  | False |       .        |       .       | 04:01:87:0a:bf:02 |
ci-info: |  eth0  |  True | 198.199.116.85 | 255.255.255.0 | 04:01:87:0a:bf:01 |
ci-info: +--------+-------+----------------+---------------+-------------------+
ci-info: +++++++++++++++++++++++++++++++++Route info++++++++++++++++++++++++++++++++++
ci-info: +-------+---------------+---------------+---------------+-----------+-------+
ci-info: | Route |  Destination  |    Gateway    |    Genmask    | Interface | Flags |
ci-info: +-------+---------------+---------------+---------------+-----------+-------+
ci-info: |   0   |    0.0.0.0    | 198.199.116.1 |    0.0.0.0    |    eth0   |   UG  |
ci-info: |   1   |   10.12.0.0   |    0.0.0.0    |  255.255.0.0  |    eth0   |   U   |
ci-info: |   2   | 198.199.116.0 |    0.0.0.0    | 255.255.255.0 |    eth0   |   U   |
ci-info: +-------+---------------+---------------+---------------+-----------+-------+
2016-03-22 19:14:19,084 - stages.py[WARNING]: Could not find module named cc_ubuntu_init_switch
 * Starting Signal sysvinit that local filesystems are mounted[74G[ OK ]
 * Starting configure network device security[74G[ OK ]
 * Stopping Mount filesystems on boot[74G[ OK ]
 * Starting flush early job output to logs[74G[ OK ]
 * Stopping Failsafe Boot Delay[74G[ OK ]
 * Starting System V initialisation compatibility[74G[ OK ]
 * Starting D-Bus system message bus[74G[ OK ]
 * Stopping flush early job output to logs[74G[ OK ]
 * Starting SystemD login management service[74G[ OK ]
 * Starting configure virtual network devices[74G[ OK ]
 * Starting system logging daemon[74G[ OK ]
 * Starting Handle applying cloud-config[74G[ OK ]
 * Starting Bridge file events into upstart[74G[ OK ]
Skipping profile in /etc/apparmor.d/disable: usr.sbin.rsyslogd
 * Starting AppArmor profiles       [128G [122G[ OK ]
 * Setting up X socket directories...       [128G [122G[ OK ]
 * Stopping System V initialisation compatibility[74G[ OK ]
 * Starting System V runlevel compatibility[74G[ OK ]
 * Starting save kernel messages[74G[ OK ]
 * Starting OpenSSH server[74G[ OK ]
 * Starting ACPI daemon[74G[ OK ]
 * Starting regular background program processing daemon[74G[ OK ]
 * Starting deferred execution scheduler[74G[ OK ]
 * Stopping CPU interrupts balancing daemon[74G[ OK ]
 * Stopping save kernel messages[74G[ OK ]
 * Restoring resolver state...       [128G [122G[ OK ]
 * Starting automatic crash report generation[74G[ OK ]
 * Stopping System V runlevel compatibility[74G[ OK ]
